<?xml version="1.0" encoding="UTF-8"?>
<!-- Generated by org.testng.reporters.JUnitXMLReporter -->
<testsuite ignored="2" hostname="QASNBKEVN027" failures="1" tests="1" name="Command line test" time="0.027" errors="0" timestamp="2021-03-24T10:37:06 AMT">
  <testcase classname="am.mouse.interview.test.MainTest" name="mainTestExample" time="0.001">
    <failure type="java.lang.NullPointerException">
      <![CDATA[java.lang.NullPointerException
at am.mouse.interview.test.MainTest.mainTestExample(MainTest.java:13)
at java.base/java.util.ArrayList.forEach(ArrayList.java:1510)
... Removed 37 stack frames]]>
    </failure>
  </testcase> <!-- mainTestExample -->
  <testcase classname="am.mouse.interview.test.BaseTest" name="@BeforeSuite initializeWebDriver" time="0.0">
    <ignored/>
  </testcase> <!-- @BeforeSuite initializeWebDriver -->
  <testcase classname="am.mouse.interview.test.BaseTest" name="@AfterSuite cleanWebDriver" time="0.0">
    <ignored/>
  </testcase> <!-- @AfterSuite cleanWebDriver -->
</testsuite> <!-- Command line test -->
