<?xml version="1.0" encoding="UTF-8" ?>
<testsuite tests="1" failures="1" name="TestSuite" time="0.005" errors="0" skipped="0">
  <properties>
[...]
</properties>
  <testcase classname="am.mouse.interview.test.MainTest" name="mainTestExample" time="0.005">
    <failure type="java.lang.NullPointerException">java.lang.NullPointerException
	at am.mouse.interview.test.MainTest.mainTestExample(MainTest.java:13)
</failure>
    <system-out>Configuring TestNG with: org.apache.maven.surefire.testng.conf.TestNG652Configurator@2ac1fdc4
2021-03-24 10:37:06,271 main ERROR Appenders contains an invalid element or attribute &quot;ReportAppender&quot;
</system-out>
  </testcase>
</testsuite>