-------------------------------------------------------------------------------
Test set: TestSuite
-------------------------------------------------------------------------------
Tests run: 1, Failures: 1, Errors: 0, Skipped: 0, Time elapsed: 0.958 sec <<< FAILURE!
mainTestExample(am.mouse.interview.test.MainTest)  Time elapsed: 0.005 sec  <<< FAILURE!
java.lang.NullPointerException
	at am.mouse.interview.test.MainTest.mainTestExample(MainTest.java:13)

